# JRE version: OpenJDK Runtime Environment Microsoft-11369865 (17.0.15+6) (build 17.0.15+6-LTS)
# Java VM: OpenJDK 64-Bit Server VM Microsoft-11369865 (17.0.15+6-LTS, mixed mode, sharing, tiered, compressed oops, compressed class ptrs, g1 gc, windows-amd64)
GC Precious Log:
 CPUs: 20 total, 20 available
 Memory: 16049M
 Large Page Support: Disabled
 NUMA Support: Disabled
 Compressed Oops: Enabled (Zero based)
 Heap Region Size: 2M
 Heap Min Capacity: 8M
 Heap Initial Capacity: 252M
 Heap Max Capacity: 4G
 Pre-touch: Disabled
 Parallel Workers: 15
 Concurrent Workers: 4
 Concurrent Refinement Workers: 15
 Periodic GC: Disabled
Heap:
 garbage-first heap   total 258048K, used 79719K [0x0000000700000000, 0x0000000800000000)
  region size 2048K, 37 young (75776K), 7 survivors (14336K)
 Metaspace       used 20311K, committed 20672K, reserved 917504K
  class space    used 2929K, committed 3136K, reserved 851968K
GC Heap History (6 events):
Event: 1.712 GC heap before
{Heap before GC invocations=0 (full 0):
 garbage-first heap   total 258048K, used 22528K [0x0000000700000000, 0x0000000800000000)
  region size 2048K, 11 young (22528K), 0 survivors (0K)
 Metaspace       used 862K, committed 960K, reserved 917504K
  class space    used 66K, committed 128K, reserved 851968K
}
Event: 1.717 GC heap after
{Heap after GC invocations=1 (full 0):
 garbage-first heap   total 258048K, used 1723K [0x0000000700000000, 0x0000000800000000)
  region size 2048K, 1 young (2048K), 1 survivors (2048K)
 Metaspace       used 862K, committed 960K, reserved 917504K
  class space    used 66K, committed 128K, reserved 851968K
}
Event: 3.150 GC heap before
{Heap before GC invocations=1 (full 0):
 garbage-first heap   total 258048K, used 40635K [0x0000000700000000, 0x0000000800000000)
  region size 2048K, 18 young (36864K), 1 survivors (2048K)
 Metaspace       used 4440K, committed 4608K, reserved 917504K
  class space    used 553K, committed 640K, reserved 851968K
}
Event: 3.156 GC heap after
{Heap after GC invocations=2 (full 0):
 garbage-first heap   total 258048K, used 11936K [0x0000000700000000, 0x0000000800000000)
  region size 2048K, 3 young (6144K), 3 survivors (6144K)
 Metaspace       used 4440K, committed 4608K, reserved 917504K
  class space    used 553K, committed 640K, reserved 851968K
}
Event: 5.381 GC heap before
{Heap before GC invocations=2 (full 0):
 garbage-first heap   total 258048K, used 108192K [0x0000000700000000, 0x0000000800000000)
  region size 2048K, 50 young (102400K), 3 survivors (6144K)
 Metaspace       used 13369K, committed 13632K, reserved 917504K
  class space    used 1814K, committed 1920K, reserved 851968K
}
Event: 5.388 GC heap after
{Heap after GC invocations=3 (full 0):
 garbage-first heap   total 258048K, used 20327K [0x0000000700000000, 0x0000000800000000)
  region size 2048K, 7 young (14336K), 7 survivors (14336K)
 Metaspace       used 13369K, committed 13632K, reserved 917504K
  class space    used 1814K, committed 1920K, reserved 851968K
}

