# JRE version: OpenJDK Runtime Environment Microsoft-11369865 (17.0.15+6) (build 17.0.15+6-LTS)
# Java VM: OpenJDK 64-Bit Server VM Microsoft-11369865 (17.0.15+6-LTS, mixed mode, sharing, tiered, compressed oops, compressed class ptrs, g1 gc, windows-amd64)
GC Precious Log:
 CPUs: 20 total, 20 available
 Memory: 16049M
 Large Page Support: Disabled
 NUMA Support: Disabled
 Compressed Oops: Enabled (Zero based)
 Heap Region Size: 2M
 Heap Min Capacity: 8M
 Heap Initial Capacity: 252M
 Heap Max Capacity: 4G
 Pre-touch: Disabled
 Parallel Workers: 15
 Concurrent Workers: 4
 Concurrent Refinement Workers: 15
 Periodic GC: Disabled
Heap:
 garbage-first heap   total 116736K, used 86822K [0x0000000700000000, 0x0000000800000000)
  region size 2048K, 27 young (55296K), 3 survivors (6144K)
 Metaspace       used 53159K, committed 53760K, reserved 917504K
  class space    used 7488K, committed 7744K, reserved 851968K
GC Heap History (20 events):
Event: 6.466 GC heap before
{Heap before GC invocations=2 (full 0):
 garbage-first heap   total 258048K, used 79467K [0x0000000700000000, 0x0000000800000000)
  region size 2048K, 37 young (75776K), 3 survivors (6144K)
 Metaspace       used 8688K, committed 8896K, reserved 917504K
  class space    used 1148K, committed 1280K, reserved 851968K
}
Event: 6.472 GC heap after
{Heap after GC invocations=3 (full 0):
 garbage-first heap   total 258048K, used 19303K [0x0000000700000000, 0x0000000800000000)
  region size 2048K, 4 young (8192K), 4 survivors (8192K)
 Metaspace       used 8688K, committed 8896K, reserved 917504K
  class space    used 1148K, committed 1280K, reserved 851968K
}
Event: 11.496 GC heap before
{Heap before GC invocations=3 (full 0):
 garbage-first heap   total 258048K, used 111463K [0x0000000700000000, 0x0000000800000000)
  region size 2048K, 50 young (102400K), 4 survivors (8192K)
 Metaspace       used 21147K, committed 21504K, reserved 917504K
  class space    used 3053K, committed 3264K, reserved 851968K
}
Event: 11.502 GC heap after
{Heap after GC invocations=4 (full 0):
 garbage-first heap   total 258048K, used 24547K [0x0000000700000000, 0x0000000800000000)
  region size 2048K, 7 young (14336K), 7 survivors (14336K)
 Metaspace       used 21147K, committed 21504K, reserved 917504K
  class space    used 3053K, committed 3264K, reserved 851968K
}
Event: 14.969 GC heap before
{Heap before GC invocations=5 (full 0):
 garbage-first heap   total 96256K, used 67555K [0x0000000700000000, 0x0000000800000000)
  region size 2048K, 28 young (57344K), 7 survivors (14336K)
 Metaspace       used 26540K, committed 26944K, reserved 917504K
  class space    used 3899K, committed 4096K, reserved 851968K
}
Event: 14.982 GC heap after
{Heap after GC invocations=6 (full 0):
 garbage-first heap   total 96256K, used 27769K [0x0000000700000000, 0x0000000800000000)
  region size 2048K, 2 young (4096K), 2 survivors (4096K)
 Metaspace       used 26540K, committed 26944K, reserved 917504K
  class space    used 3899K, committed 4096K, reserved 851968K
}
Event: 15.094 GC heap before
{Heap before GC invocations=6 (full 0):
 garbage-first heap   total 96256K, used 27769K [0x0000000700000000, 0x0000000800000000)
  region size 2048K, 3 young (6144K), 2 survivors (4096K)
 Metaspace       used 26651K, committed 27008K, reserved 917504K
  class space    used 3915K, committed 4096K, reserved 851968K
}
Event: 15.100 GC heap after
{Heap after GC invocations=7 (full 0):
 garbage-first heap   total 96256K, used 28487K [0x0000000700000000, 0x0000000800000000)
  region size 2048K, 1 young (2048K), 1 survivors (2048K)
 Metaspace       used 26651K, committed 27008K, reserved 917504K
  class space    used 3915K, committed 4096K, reserved 851968K
}
Event: 16.542 GC heap before
{Heap before GC invocations=7 (full 0):
 garbage-first heap   total 96256K, used 65351K [0x0000000700000000, 0x0000000800000000)
  region size 2048K, 20 young (40960K), 1 survivors (2048K)
 Metaspace       used 31442K, committed 31808K, reserved 917504K
  class space    used 4377K, committed 4544K, reserved 851968K
}
Event: 16.545 GC heap after
{Heap after GC invocations=8 (full 0):
 garbage-first heap   total 96256K, used 31889K [0x0000000700000000, 0x0000000800000000)
  region size 2048K, 3 young (6144K), 3 survivors (6144K)
 Metaspace       used 31442K, committed 31808K, reserved 917504K
  class space    used 4377K, committed 4544K, reserved 851968K
}
Event: 19.261 GC heap before
{Heap before GC invocations=8 (full 0):
 garbage-first heap   total 96256K, used 68753K [0x0000000700000000, 0x0000000800000000)
  region size 2048K, 21 young (43008K), 3 survivors (6144K)
 Metaspace       used 35584K, committed 35968K, reserved 917504K
  class space    used 4889K, committed 5056K, reserved 851968K
}
Event: 19.267 GC heap after
{Heap after GC invocations=9 (full 0):
 garbage-first heap   total 96256K, used 33996K [0x0000000700000000, 0x0000000800000000)
  region size 2048K, 2 young (4096K), 2 survivors (4096K)
 Metaspace       used 35584K, committed 35968K, reserved 917504K
  class space    used 4889K, committed 5056K, reserved 851968K
}
Event: 20.220 GC heap before
{Heap before GC invocations=10 (full 0):
 garbage-first heap   total 96256K, used 66764K [0x0000000700000000, 0x0000000800000000)
  region size 2048K, 19 young (38912K), 2 survivors (4096K)
 Metaspace       used 38993K, committed 39488K, reserved 917504K
  class space    used 5308K, committed 5504K, reserved 851968K
}
Event: 20.224 GC heap after
{Heap after GC invocations=11 (full 0):
 garbage-first heap   total 116736K, used 34998K [0x0000000700000000, 0x0000000800000000)
  region size 2048K, 2 young (4096K), 2 survivors (4096K)
 Metaspace       used 38993K, committed 39488K, reserved 917504K
  class space    used 5308K, committed 5504K, reserved 851968K
}
Event: 20.231 GC heap before
{Heap before GC invocations=11 (full 0):
 garbage-first heap   total 116736K, used 37046K [0x0000000700000000, 0x0000000800000000)
  region size 2048K, 3 young (6144K), 2 survivors (4096K)
 Metaspace       used 38993K, committed 39488K, reserved 917504K
  class space    used 5308K, committed 5504K, reserved 851968K
}
Event: 20.235 GC heap after
{Heap after GC invocations=12 (full 0):
 garbage-first heap   total 116736K, used 34583K [0x0000000700000000, 0x0000000800000000)
  region size 2048K, 1 young (2048K), 1 survivors (2048K)
 Metaspace       used 38993K, committed 39488K, reserved 917504K
  class space    used 5308K, committed 5504K, reserved 851968K
}
Event: 21.609 GC heap before
{Heap before GC invocations=12 (full 0):
 garbage-first heap   total 116736K, used 89879K [0x0000000700000000, 0x0000000800000000)
  region size 2048K, 28 young (57344K), 1 survivors (2048K)
 Metaspace       used 42909K, committed 43520K, reserved 917504K
  class space    used 5917K, committed 6208K, reserved 851968K
}
Event: 21.614 GC heap after
{Heap after GC invocations=13 (full 0):
 garbage-first heap   total 116736K, used 36718K [0x0000000700000000, 0x0000000800000000)
  region size 2048K, 2 young (4096K), 2 survivors (4096K)
 Metaspace       used 42909K, committed 43520K, reserved 917504K
  class space    used 5917K, committed 6208K, reserved 851968K
}
Event: 22.370 GC heap before
{Heap before GC invocations=13 (full 0):
 garbage-first heap   total 116736K, used 87918K [0x0000000700000000, 0x0000000800000000)
  region size 2048K, 28 young (57344K), 2 survivors (4096K)
 Metaspace       used 48469K, committed 49088K, reserved 917504K
  class space    used 6742K, committed 7040K, reserved 851968K
}
Event: 22.373 GC heap after
{Heap after GC invocations=14 (full 0):
 garbage-first heap   total 116736K, used 39718K [0x0000000700000000, 0x0000000800000000)
  region size 2048K, 3 young (6144K), 3 survivors (6144K)
 Metaspace       used 48469K, committed 49088K, reserved 917504K
  class space    used 6742K, committed 7040K, reserved 851968K
}

